0 info it worked if it ends with ok
1 verbose cli [ '/usr/bin/node', '/usr/bin/npm', 'publish' ]
2 info using npm@3.5.2
3 info using node@v8.10.0
4 verbose publish [ '.' ]
5 silly cache add args [ '.', null ]
6 verbose cache add spec .
7 silly cache add parsed spec Result {
7 silly cache add   raw: '.',
7 silly cache add   scope: null,
7 silly cache add   name: null,
7 silly cache add   rawSpec: '.',
7 silly cache add   spec: '/media/mohsen/IO/Serendip/serendip',
7 silly cache add   type: 'directory' }
8 verbose addLocalDirectory /home/mohsen/.npm/serendip/1.0.28/package.tgz not in flight; packing
9 info lifecycle serendip@1.0.28~prepublish: serendip@1.0.28
10 silly lifecycle serendip@1.0.28~prepublish: no script for prepublish, continuing
11 verbose tar pack [ '/home/mohsen/.npm/serendip/1.0.28/package.tgz',
11 verbose tar pack   '/media/mohsen/IO/Serendip/serendip' ]
12 verbose tarball /home/mohsen/.npm/serendip/1.0.28/package.tgz
13 verbose folder /media/mohsen/IO/Serendip/serendip
14 verbose addLocalTarball adding from inside cache /home/mohsen/.npm/serendip/1.0.28/package.tgz
15 silly cache afterAdd serendip@1.0.28
16 verbose afterAdd /home/mohsen/.npm/serendip/1.0.28/package/package.json not in flight; writing
17 verbose afterAdd /home/mohsen/.npm/serendip/1.0.28/package/package.json written
18 silly publish { name: 'serendip',
18 silly publish   version: '1.0.28',
18 silly publish   description: 'A Node.js framework',
18 silly publish   main: 'index.js',
18 silly publish   scripts: { start: 'node dist/debug_ignore.js', test: 'mocha' },
18 silly publish   repository:
18 silly publish    { type: 'git',
18 silly publish      url: 'git+https://github.com/m-esm/serendip.git' },
18 silly publish   author: { name: 'Mohsen Esmaeili', email: 'm-esm@hotmail.com' },
18 silly publish   license: 'ISC',
18 silly publish   homepage: 'https://github.com/m-esm/serendip#readme',
18 silly publish   devDependencies:
18 silly publish    { '@types/async': '^2.0.49',
18 silly publish      '@types/basic-auth': '^1.1.2',
18 silly publish      '@types/bcryptjs': '^2.4.1',
18 silly publish      '@types/body-parser': '^1.17.0',
18 silly publish      '@types/deep-diff': '0.0.31',
18 silly publish      '@types/mongodb': '^3.1.2',
18 silly publish      '@types/mustache': '^0.8.31',
18 silly publish      '@types/node-cron': '^1.2.0',
18 silly publish      '@types/nodemailer': '^4.6.2',
18 silly publish      '@types/request': '^2.47.1',
18 silly publish      '@types/underscore': '^1.8.8',
18 silly publish      '@types/useragent': '^2.1.1',
18 silly publish      '@types/ws': '^6.0.1',
18 silly publish      assert: '^1.4.1',
18 silly publish      gulp: '^3.9.1',
18 silly publish      'gulp-clean': '^0.4.0',
18 silly publish      'gulp-deploy-ftp': '^1.0.1',
18 silly publish      'gulp-nodemon': '^2.2.1',
18 silly publish      'gulp-typescript': '^4.0.2',
18 silly publish      pump: '^3.0.0',
18 silly publish      typescript: '^2.9.2' },
18 silly publish   dependencies:
18 silly publish    { async: '^2.6.1',
18 silly publish      bcryptjs: '^2.4.3',
18 silly publish      'body-parser': '^1.18.3',
18 silly publish      chalk: '^2.4.1',
18 silly publish      'deep-diff': '^0.3.8',
18 silly publish      glob: '^7.1.2',
18 silly publish      'mime-types': '^2.1.19',
18 silly publish      moment: '^2.22.2',
18 silly publish      mongodb: '^3.1.1',
18 silly publish      mustache: '^2.3.0',
18 silly publish      'node-cron': '^1.2.1',
18 silly publish      nodemailer: '^4.6.7',
18 silly publish      'path-match': '^1.2.4',
18 silly publish      'promise-serial': '^0.1.5',
18 silly publish      qs: '^6.5.2',
18 silly publish      request: '^2.87.0',
18 silly publish      'request-ip': '^2.1.3',
18 silly publish      underscore: '^1.9.1',
18 silly publish      useragent: '^2.3.0',
18 silly publish      ws: '^6.1.0' },
18 silly publish   readme: '![alt text](https://raw.githubusercontent.com/m-esm/serendip/master/readme_header.png "serendip_header")\n___\n# SERENDIP Framework\n\n\n[![MIT Licence](https://badges.frapsoft.com/os/mit/mit.svg?v=103)](https://opensource.org/licenses/mit-license.php)\n[![Maintenance](https://img.shields.io/badge/Maintained%3F-yes-green.svg)](https://GitHub.com/m-esm/serendip/graphs/commit-activity)\n[![Website shields.io](https://img.shields.io/website-up-down-green-red/http/shields.io.svg)](https://serendip.agency/)\n![Open Source Love](https://badges.frapsoft.com/os/v1/open-source.png?v=103)\n![TypeScript](https://badges.frapsoft.com/typescript/love/typescript.svg?v=101)\n\n> It\'s a Node.js web framework. it will provide you :\n\n| Service / feature | Description | status |\n|-|-|-|\n|HTTP & HTTPS Server | - | :heavy_check_mark: Done | \n|Service  | DI , TopoSort dependencies | :heavy_check_mark: Done | \n|Database | internal ORM | :heavy_check_mark: Done | \n| Router | OOP based router | :heavy_check_mark: Done |\n|Cluster handling| running on every core in cpu | :heavy_check_mark: Done |\n|Authentication | auth - tokens | :heavy_check_mark: Done |\n|Entity change tracking | document change tracking ( git like )  | :heavy_check_mark: Done |\n|Logging | API requests : user-agent - action result or error | planned |\n|View engine | ejs - pug - mustache | planned - mustache Done |\n|Email inbox/compose| syncing with gmail - connecting to pop3,SMTP - email templates | :heavy_check_mark: Done (SMTP) |\n|Sms send/receive| implementing SMS.ir API - SMS templates | :heavy_check_mark: Done |\n|Fax send/receive| implementing fax.ir API - fax templates | planned |\n|VoIP call| WebRTC TURN and STUN server | planned |\n\n---\n\n## Installing\nusing npm : \n```\nnpm install serendip \n```\n\n> ### :information_source: more information at [Wiki](https://github.com/m-esm/serendip/wiki)\n\n* collaboration, issue reporting kindly accepted\n* Contact m-esm@hotmail.com \n\n\n## License\n[![FOSSA Status](https://app.fossa.io/api/projects/git%2Bgithub.com%2Fm-esm%2Fserendip.svg?type=large)](https://app.fossa.io/projects/git%2Bgithub.com%2Fm-esm%2Fserendip?ref=badge_large)\n ',
18 silly publish   readmeFilename: 'README.md',
18 silly publish   gitHead: '36da814395b98a5dcd37575a26d065c966af9350',
18 silly publish   bugs: { url: 'https://github.com/m-esm/serendip/issues' },
18 silly publish   _id: 'serendip@1.0.28',
18 silly publish   _shasum: '03700a2769a5d13e0f250b79242d9ae80269d898',
18 silly publish   _from: '.' }
19 verbose getPublishConfig undefined
20 silly mapToRegistry name serendip
21 silly mapToRegistry using default registry
22 silly mapToRegistry registry https://registry.npmjs.org/
23 silly mapToRegistry uri https://registry.npmjs.org/serendip
24 verbose publish registryBase https://registry.npmjs.org/
25 silly publish uploading /home/mohsen/.npm/serendip/1.0.28/package.tgz
26 verbose request uri https://registry.npmjs.org/serendip
27 verbose request sending authorization for write operation
28 info attempt registry request try #1 at 5:58:53 AM
29 verbose request using bearer token for auth
30 verbose request id 83cd235ffd6253bc
31 http request PUT https://registry.npmjs.org/serendip
32 http 403 https://registry.npmjs.org/serendip
33 verbose headers { date: 'Sat, 22 Dec 2018 02:29:01 GMT',
33 verbose headers   'content-type': 'application/json',
33 verbose headers   'transfer-encoding': 'chunked',
33 verbose headers   connection: 'keep-alive',
33 verbose headers   'set-cookie':
33 verbose headers    [ '__cfduid=d1a76829e658cab91485c2b63cfb1dd8f1545445735; expires=Sun, 22-Dec-19 02:28:55 GMT; path=/; domain=.registry.npmjs.org; HttpOnly' ],
33 verbose headers   'cf-ray': '48cf2864fd936349-FRA',
33 verbose headers   'expect-ct': 'max-age=604800, report-uri="https://report-uri.cloudflare.com/cdn-cgi/beacon/expect-ct"',
33 verbose headers   vary: 'Accept-Encoding',
33 verbose headers   server: 'cloudflare',
33 verbose headers   'content-encoding': 'gzip' }
34 verbose request invalidating /home/mohsen/.npm/registry.npmjs.org/serendip on PUT
35 error publish Failed PUT 403
36 verbose stack Error: You cannot publish over the previously published versions: 1.0.28. : serendip
36 verbose stack     at makeError (/usr/share/npm/node_modules/npm-registry-client/lib/request.js:264:12)
36 verbose stack     at CachingRegistryClient.<anonymous> (/usr/share/npm/node_modules/npm-registry-client/lib/request.js:252:14)
36 verbose stack     at /usr/share/npm/node_modules/npm-registry-client/lib/request.js:178:7
36 verbose stack     at Gunzip.onEnd (zlib.js:131:5)
36 verbose stack     at emitNone (events.js:111:20)
36 verbose stack     at Gunzip.emit (events.js:208:7)
36 verbose stack     at endReadableNT (_stream_readable.js:1064:12)
36 verbose stack     at _combinedTickCallback (internal/process/next_tick.js:138:11)
36 verbose stack     at process._tickCallback (internal/process/next_tick.js:180:9)
37 verbose statusCode 403
38 verbose pkgid serendip
39 verbose cwd /media/mohsen/IO/Serendip/serendip
40 error Linux 4.15.0-43-generic
41 error argv "/usr/bin/node" "/usr/bin/npm" "publish"
42 error node v8.10.0
43 error npm  v3.5.2
44 error code E403
45 error You cannot publish over the previously published versions: 1.0.28. : serendip
46 error If you need help, you may report this error at:
46 error     <https://github.com/npm/npm/issues>
47 verbose exit [ 1, true ]
